<?xml version="1.0" encoding="UTF-8"?>
<!-- Generated by org.testng.reporters.JUnitReportReporter -->
<testsuite hostname="LSLT-IT10452" name="com.TestSuite.gmail_Login" tests="1" failures="0" timestamp="8 May 2018 16:43:11 GMT" time="29.809" errors="0">
  <testcase name="xpathActions" time="29.809" classname="com.TestSuite.gmail_Login"/>
</testsuite> <!-- com.TestSuite.gmail_Login -->
