<?xml version="1.0" encoding="UTF-8"?>
<!-- Generated by org.testng.reporters.JUnitReportReporter -->
<testsuite hostname="LSLT-IT10452" name="com.TestSuite.Testcase_Two" tests="1" failures="0" timestamp="8 May 2018 16:38:05 GMT" time="43.287" errors="0">
  <testcase name="TC_2" time="43.287" classname="com.TestSuite.Testcase_Two"/>
</testsuite> <!-- com.TestSuite.Testcase_Two -->
